<?xml version="1.0" encoding="UTF-8"?>
<!-- Generated by org.testng.reporters.JUnitReportReporter -->
<testsuite skipped="4" hostname="DESKTOP-1C6302R" name="bln.test.automation.wordpressAPI.WordPressAPITestScripts" tests="8" failures="0" timestamp="02 May 2021 02:10:32 GMT" time="480.439" errors="0">
  <testcase name="brokerAPIV2_createLoan" time="116.921" classname="bln.test.automation.wordpressAPI.WordPressAPITestScripts"/>
  <testcase name="brokerAPIV3_createLoan" time="128.580" classname="bln.test.automation.wordpressAPI.WordPressAPITestScripts"/>
  <testcase name="lenderAPIV2_createLoan_RealEstateInvestor" time="115.578" classname="bln.test.automation.wordpressAPI.WordPressAPITestScripts"/>
  <testcase name="lenderAPIV3_createLoan_RealEstateInvestor" time="119.360" classname="bln.test.automation.wordpressAPI.WordPressAPITestScripts"/>
  <testcase name="lenderAPI_createLoan" classname="bln.test.automation.wordpressAPI.WordPressAPITestScripts">
    <skipped/>
  </testcase> <!-- lenderAPI_createLoan -->
  <testcase name="lenderAPIV3_createLoan_Broker" classname="bln.test.automation.wordpressAPI.WordPressAPITestScripts">
    <skipped/>
  </testcase> <!-- lenderAPIV3_createLoan_Broker -->
  <testcase name="lenderAPIV2_createLoan_Broker" classname="bln.test.automation.wordpressAPI.WordPressAPITestScripts">
    <skipped/>
  </testcase> <!-- lenderAPIV2_createLoan_Broker -->
  <testcase name="brokerAPIV_createLoan" classname="bln.test.automation.wordpressAPI.WordPressAPITestScripts">
    <skipped/>
  </testcase> <!-- brokerAPIV_createLoan -->
</testsuite> <!-- bln.test.automation.wordpressAPI.WordPressAPITestScripts -->
