<?xml version="1.0" encoding="UTF-8"?>
<!-- Generated by org.testng.reporters.JUnitReportReporter -->
<testsuite hostname="DESKTOP-HE38V3R" name="BLNProject.Automation.NewLoanRequest" tests="3" failures="0" timestamp="2 Jan 2020 10:05:22 GMT" time="132.398" errors="0">
  <testcase name="LoanRequestGrid" time="21.543" classname="BLNProject.Automation.NewLoanRequest"/>
  <testcase name="CreateSoftCreditPull" time="88.649" classname="BLNProject.Automation.NewLoanRequest"/>
  <testcase name="LoginBLN" time="22.206" classname="BLNProject.Automation.NewLoanRequest"/>
</testsuite> <!-- BLNProject.Automation.NewLoanRequest -->
