<?xml version="1.0" encoding="UTF-8"?>
<!-- Generated by org.testng.reporters.JUnitReportReporter -->
<testsuite hostname="DESKTOP-HE38V3R" name="BLNProject.Automation.App" tests="1" failures="0" timestamp="10 Dec 2019 18:14:44 GMT" time="50.726" errors="0">
  <testcase name="softPull" time="50.726" classname="BLNProject.Automation.App"/>
</testsuite> <!-- BLNProject.Automation.App -->
