<?xml version="1.0" encoding="UTF-8"?>
<!-- Generated by org.testng.reporters.JUnitReportReporter -->
<testsuite hostname="DESKTOP-HE38V3R" name="bln.test.automation.broker.BrokerTestScripts" tests="1" failures="0" timestamp="16 Feb 2021 15:02:44 GMT" time="40.960" errors="0">
  <testcase name="brokerResetSearch" time="40.960" classname="bln.test.automation.broker.BrokerTestScripts"/>
</testsuite> <!-- bln.test.automation.broker.BrokerTestScripts -->
