<?xml version="1.0" encoding="UTF-8"?>
<!-- Generated by org.testng.reporters.JUnitReportReporter -->
<testsuite hostname="DESKTOP-HE38V3R" name="bln.test.automation.closingcoordinators.ClosingCoordinatorsTestScripts" tests="1" failures="0" timestamp="15 Oct 2020 11:32:42 GMT" time="45.439" errors="0">
  <testcase name="lenderNameEditable" time="45.439" classname="bln.test.automation.closingcoordinators.ClosingCoordinatorsTestScripts"/>
</testsuite> <!-- bln.test.automation.closingcoordinators.ClosingCoordinatorsTestScripts -->
