<?xml version="1.0" encoding="UTF-8"?>
<!-- Generated by org.testng.reporters.JUnitReportReporter -->
<testsuite hostname="DESKTOP-HE38V3R" name="bln.test.automation.lender.IntakeLender" tests="1" failures="0" timestamp="16 Feb 2021 15:24:59 GMT" time="33.193" errors="0">
  <testcase name="IntakelenderMyProfile" time="33.193" classname="bln.test.automation.lender.IntakeLender"/>
</testsuite> <!-- bln.test.automation.lender.IntakeLender -->
